<?xml version="1.0" encoding="UTF-8"?>
<!-- Generated by org.testng.reporters.JUnitXMLReporter -->
<testsuite hostname="sanjanas-air.lan" ignored="0" name="Accounts page test" tests="18" failures="1" timestamp="17 Mar 2023 21:51:07 GMT" time="105.114" errors="0">
  <testcase name="accountsPageTitleTest" time="0.04" classname="com.qa.opencart.test.AccountsPageTest"/>
  <testcase name="accPageURLTest" time="0.026" classname="com.qa.opencart.test.AccountsPageTest"/>
  <testcase name="isLogoutLinkExistTest" time="0.116" classname="com.qa.opencart.test.AccountsPageTest"/>
  <testcase name="accPageHeadersValueTest" time="0.254" classname="com.qa.opencart.test.AccountsPageTest"/>
  <testcase name="searchProductCountTest" time="1.18" classname="com.qa.opencart.test.AccountsPageTest"/>
  <testcase name="searchProductCountTest" time="1.186" classname="com.qa.opencart.test.AccountsPageTest"/>
  <testcase name="searchProductCountTest" time="1.191" classname="com.qa.opencart.test.AccountsPageTest"/>
  <testcase name="searchProductCountTest" time="1.249" classname="com.qa.opencart.test.AccountsPageTest"/>
  <testcase name="searchProductCountTest" time="11.341" classname="com.qa.opencart.test.AccountsPageTest">
    <skipped/>
  </testcase> <!-- searchProductCountTest -->
  <testcase name="searchProductCountTest" time="11.776" classname="com.qa.opencart.test.AccountsPageTest">
    <skipped/>
  </testcase> <!-- searchProductCountTest -->
  <testcase name="searchProductCountTest" time="11.2" classname="com.qa.opencart.test.AccountsPageTest">
    <skipped/>
  </testcase> <!-- searchProductCountTest -->
  <testcase name="searchProductCountTest" time="11.267" classname="com.qa.opencart.test.AccountsPageTest">
    <failure type="org.openqa.selenium.TimeoutException" message="Expected condition failed: waiting for visibility of all elements located by By.cssSelector: div#content div.product-layout (tried for 10 second(s) with 500 milliseconds interval)
Build info: version: &amp;apos;4.7.2&amp;apos;, revision: &amp;apos;4d4020c3b7&amp;apos;
System info: os.name: &amp;apos;Mac OS X&amp;apos;, os.arch: &amp;apos;x86_64&amp;apos;, os.version: &amp;apos;12.0.1&amp;apos;, java.version: &amp;apos;1.8.0_321&amp;apos;
Driver info: org.openqa.selenium.chrome.ChromeDriver
Capabilities {acceptInsecureCerts: false, browserName: chrome, browserVersion: 111.0.5563.64, chrome: {chromedriverVersion: 111.0.5563.64 (c710e93d5b63..., userDataDir: /var/folders/fz/zndh8nf55k9...}, goog:chromeOptions: {debuggerAddress: localhost:52268}, networkConnectionEnabled: false, pageLoadStrategy: normal, platformName: MAC, proxy: Proxy(), se:cdp: ws://localhost:52268/devtoo..., se:cdpVersion: 111.0.5563.64, setWindowRect: true, strictFileInteractability: false, timeouts: {implicit: 0, pageLoad: 300000, script: 30000}, unhandledPromptBehavior: dismiss and notify, webauthn:extension:credBlob: true, webauthn:extension:largeBlob: true, webauthn:extension:minPinLength: true, webauthn:extension:prf: true, webauthn:virtualAuthenticators: true}
Session ID: c0bd5f02a17f28316723ee105344a2c8">
      <![CDATA[org.openqa.selenium.TimeoutException: Expected condition failed: waiting for visibility of all elements located by By.cssSelector: div#content div.product-layout (tried for 10 second(s) with 500 milliseconds interval)
Build info: version: '4.7.2', revision: '4d4020c3b7'
System info: os.name: 'Mac OS X', os.arch: 'x86_64', os.version: '12.0.1', java.version: '1.8.0_321'
Driver info: org.openqa.selenium.chrome.ChromeDriver
Capabilities {acceptInsecureCerts: false, browserName: chrome, browserVersion: 111.0.5563.64, chrome: {chromedriverVersion: 111.0.5563.64 (c710e93d5b63..., userDataDir: /var/folders/fz/zndh8nf55k9...}, goog:chromeOptions: {debuggerAddress: localhost:52268}, networkConnectionEnabled: false, pageLoadStrategy: normal, platformName: MAC, proxy: Proxy(), se:cdp: ws://localhost:52268/devtoo..., se:cdpVersion: 111.0.5563.64, setWindowRect: true, strictFileInteractability: false, timeouts: {implicit: 0, pageLoad: 300000, script: 30000}, unhandledPromptBehavior: dismiss and notify, webauthn:extension:credBlob: true, webauthn:extension:largeBlob: true, webauthn:extension:minPinLength: true, webauthn:extension:prf: true, webauthn:virtualAuthenticators: true}
Session ID: c0bd5f02a17f28316723ee105344a2c8
at org.openqa.selenium.support.ui.WebDriverWait.timeoutException(WebDriverWait.java:87)
at org.openqa.selenium.support.ui.FluentWait.until(FluentWait.java:231)
at com.qa.opencart.utils.ElementUtil.waitForElementsVisible(ElementUtil.java:188)
at com.qa.opencart.pages.SearchPage.getSearchProductsCount(SearchPage.java:27)
at com.qa.opencart.test.AccountsPageTest.searchProductCountTest(AccountsPageTest.java:61)
at sun.reflect.NativeMethodAccessorImpl.invoke0(Native Method)
at sun.reflect.NativeMethodAccessorImpl.invoke(NativeMethodAccessorImpl.java:62)
at sun.reflect.DelegatingMethodAccessorImpl.invoke(DelegatingMethodAccessorImpl.java:43)
at java.lang.reflect.Method.invoke(Method.java:498)
at org.testng.internal.MethodInvocationHelper.invokeMethod(MethodInvocationHelper.java:124)
at org.testng.internal.Invoker.invokeMethod(Invoker.java:583)
at org.testng.internal.Invoker.retryFailed(Invoker.java:839)
at org.testng.internal.Invoker.invokeTestMethods(Invoker.java:1010)
at org.testng.internal.TestMethodWorker.invokeTestMethods(TestMethodWorker.java:125)
at org.testng.internal.TestMethodWorker.run(TestMethodWorker.java:109)
at org.testng.TestRunner.privateRun(TestRunner.java:648)
at org.testng.TestRunner.run(TestRunner.java:505)
at org.testng.SuiteRunner.runTest(SuiteRunner.java:455)
at org.testng.SuiteRunner.access$000(SuiteRunner.java:40)
at org.testng.SuiteRunner$SuiteWorker.run(SuiteRunner.java:489)
at org.testng.internal.thread.ThreadUtil$1.call(ThreadUtil.java:52)
at java.util.concurrent.FutureTask.run(FutureTask.java:266)
at java.util.concurrent.ThreadPoolExecutor.runWorker(ThreadPoolExecutor.java:1149)
at java.util.concurrent.ThreadPoolExecutor$Worker.run(ThreadPoolExecutor.java:624)
at java.lang.Thread.run(Thread.java:750)
]]>
    </failure>
  </testcase> <!-- searchProductCountTest -->
  <testcase name="searchProductTest" time="3.685" classname="com.qa.opencart.test.AccountsPageTest"/>
  <testcase name="searchProductTest" time="3.065" classname="com.qa.opencart.test.AccountsPageTest"/>
  <testcase name="searchProductTest" time="11.965" classname="com.qa.opencart.test.AccountsPageTest"/>
  <testcase name="searchProductTest" time="3.012" classname="com.qa.opencart.test.AccountsPageTest"/>
  <testcase name="searchProductTest" time="2.95" classname="com.qa.opencart.test.AccountsPageTest"/>
  <testcase name="searchProductTest" time="2.5" classname="com.qa.opencart.test.AccountsPageTest"/>
</testsuite> <!-- Accounts page test -->
